2022-02-08 19:49:48.882 - Info	
Packing /workspaces/PowerPlatformIgnite2021/solutions/DevIntersect/obj/Debug/Metadata to bin/Debug/DevIntersect.zip

2022-02-08 19:49:48.893 - Info	Processing Component: Entities
2022-02-08 19:49:48.896 - Info	Processing Component: Roles
2022-02-08 19:49:48.902 - Info	Processing Component: Workflows
2022-02-08 19:49:48.906 - Info	 - Button -> Perform an unbound action
2022-02-08 19:49:48.908 - Info	Processing Component: FieldSecurityProfiles
2022-02-08 19:49:48.909 - Info	Processing Component: Templates
2022-02-08 19:49:48.909 - Info	Processing Component: EntityMaps
2022-02-08 19:49:48.909 - Info	Processing Component: EntityRelationships
2022-02-08 19:49:48.911 - Info	Processing Component: OrganizationSettings
2022-02-08 19:49:48.912 - Info	Processing Component: optionsets
2022-02-08 19:49:48.912 - Info	Processing Component: CustomControls
2022-02-08 19:49:48.915 - Info	Processing Component: EntityDataProviders
2022-02-08 19:49:48.915 - Info	Processing Component: CanvasApps
2022-02-08 19:49:48.919 - Info	 - dev_pictureoftheday_fc8e8
2022-02-08 19:49:48.920 - Info	 - dev_testing123_f1a6e
2022-02-08 19:49:48.957 - Info	
Unmanaged Pack complete.

2022-03-15 01:42:48.793 - Info	
Packing /workspaces/PowerPlatformIgnite2021/solutions/DevIntersect/obj/Debug/Metadata to bin/Debug/DevIntersect.zip

2022-03-15 01:42:48.804 - Info	Processing Component: Entities
2022-03-15 01:42:48.807 - Info	Processing Component: Roles
2022-03-15 01:42:48.813 - Info	Processing Component: Workflows
2022-03-15 01:42:48.816 - Info	 - Button -> Perform an unbound action
2022-03-15 01:42:48.818 - Info	Processing Component: FieldSecurityProfiles
2022-03-15 01:42:48.818 - Info	Processing Component: Templates
2022-03-15 01:42:48.819 - Info	Processing Component: EntityMaps
2022-03-15 01:42:48.819 - Info	Processing Component: EntityRelationships
2022-03-15 01:42:48.821 - Info	Processing Component: OrganizationSettings
2022-03-15 01:42:48.822 - Info	Processing Component: optionsets
2022-03-15 01:42:48.822 - Info	Processing Component: CustomControls
2022-03-15 01:42:48.824 - Info	Processing Component: EntityDataProviders
2022-03-15 01:42:48.824 - Info	Processing Component: CanvasApps
2022-03-15 01:42:48.828 - Info	 - dev_pictureoftheday_fc8e8
2022-03-15 01:42:48.829 - Info	 - dev_testing123_f1a6e
2022-03-15 01:42:48.898 - Info	
Unmanaged Pack complete.

